==21260== Callgrind, a call-graph generating cache profiler
==21260== Copyright (C) 2002-2017, and GNU GPL'd, by Josef Weidendorfer et al.
==21260== Using Valgrind-3.13.0 and LibVEX; rerun with -h for copyright info
==21260== Command: ./a.out
==21260== 
--21260-- warning: L3 cache found, using its data for the LL simulation.
==21260== For interactive control, run 'callgrind_control -h'.
==21260== brk segment overflow in thread #1: can't grow to 0x4a3f000
==21260== (see section Limitations in user manual)
==21260== NOTE: further instances of this message will not be shown
==21260== 
==21260== Events    : Ir Dr Dw I1mr D1mr D1mw ILmr DLmr DLmw
==21260== Collected : 129164845090 54249738713 5170740983 172 3533003144 25898 172 325942745 104
==21260== 
==21260== I   refs:      129,164,845,090
==21260== I1  misses:                172
==21260== LLi misses:                172
==21260== I1  miss rate:            0.00%
==21260== LLi miss rate:            0.00%
==21260== 
==21260== D   refs:       59,420,479,696  (54,249,738,713 rd + 5,170,740,983 wr)
==21260== D1  misses:      3,533,029,042  ( 3,533,003,144 rd +        25,898 wr)
==21260== LLd misses:        325,942,849  (   325,942,745 rd +           104 wr)
==21260== D1  miss rate:             5.9% (           6.5%   +           0.0%  )
==21260== LLd miss rate:             0.5% (           0.6%   +           0.0%  )
==21260== 
==21260== LL refs:         3,533,029,214  ( 3,533,003,316 rd +        25,898 wr)
==21260== LL misses:         325,943,021  (   325,942,917 rd +           104 wr)
==21260== LL miss rate:              0.2% (           0.2%   +           0.0%  )
